#
# A fatal error has been detected by the Java Runtime Environment:
#
#  SIGBUS (0xa) at pc=0x000000011592df4f, pid=12193, tid=9987
#
# JRE version: Java(TM) SE Runtime Environment (15.0.2+7) (build 15.0.2+7-27)
# Java VM: Java HotSpot(TM) 64-Bit Server VM (15.0.2+7-27, mixed mode, sharing, tiered, compressed oops, g1 gc, bsd-amd64)
# Problematic frame:
# j  Package2.palindrome.main([Ljava/lang/String;)V+8 Java_program
#
# No core dump will be written. Core dumps have been disabled. To enable core dumping, try "ulimit -c unlimited" before starting Java again
#
# If you would like to submit a bug report, please visit:
#   https://bugreport.java.com/bugreport/crash.jsp
#

---------------  S U M M A R Y ------------

Command Line: -XX:+ShowCodeDetailsInExceptionMessages -agentlib:jdwp=transport=dt_socket,suspend=y,address=localhost:61572 -javaagent:/Users/labbuser/Applications/Eclipse.app/Contents/Eclipse/configuration/org.eclipse.osgi/213/0/.cp/lib/javaagent-shaded.jar -Dfile.encoding=UTF-8 --module-path=/Users/labbuser/git/repository/Java_program/bin -Djdk.module.main=Java_program Java_program/Package2.palindrome

Host: MacBookPro14,3 x86_64 2900 MHz, 8 cores, 16G, Darwin 20.4.0
Time: Sat Jun 19 15:10:14 2021 IST elapsed time: 261.803226 seconds (0d 0h 4m 21s)

---------------  T H R E A D  ---------------

Current thread (0x00007fcc75808800):  JavaThread "main" [_thread_in_Java, id=9987, stack(0x0000700001f8d000,0x000070000208d000)]

Stack: [0x0000700001f8d000,0x000070000208d000],  sp=0x000070000208cac8,  free space=1022k
Native frames: (J=compiled Java code, A=aot compiled Java code, j=interpreted, Vv=VM code, C=native code)
j  Package2.palindrome.main([Ljava/lang/String;)V+8 Java_program
v  ~StubRoutines::call_stub
V  [libjvm.dylib+0x4adf62]  JavaCalls::call_helper(JavaValue*, methodHandle const&, JavaCallArguments*, Thread*)+0x2e2
V  [libjvm.dylib+0x50e5f9]  jni_invoke_static(JNIEnv_*, JavaValue*, _jobject*, JNICallType, _jmethodID*, JNI_ArgumentPusher*, Thread*)+0x1f9
V  [libjvm.dylib+0x511b8a]  jni_CallStaticVoidMethod+0x18a
C  [libjli.dylib+0x4f3d]  JavaMain+0xc1d
C  [libjli.dylib+0x7659]  ThreadJavaMain+0x9
C  [libsystem_pthread.dylib+0x6954]  _pthread_start+0xe0
C  [libsystem_pthread.dylib+0x24a7]  thread_start+0xf


siginfo: si_signo: 10 (SIGBUS), si_code: 2 (BUS_ADRERR), si_addr: 0x00000001306dc650

Register to memory mapping:

RAX=0x0 is NULL
RBX=0x00000000000000b7 is an unknown value
RCX=0x0000000130548608 is pointing into metadata
RDX=0x0000000000032804 is an unknown value
RSP=0x000070000208cac8 is pointing into the stack for thread: 0x00007fcc75808800
RBP=0x000070000208cb28 is pointing into the stack for thread: 0x00007fcc75808800
RSI=0x0000000000000001 is an unknown value
RDI=0x0 is NULL
R8 ={method} {0x0000000130548598} 'main' '([Ljava/lang/String;)V' in 'Package2/palindrome'
R9 =0x00007fcc73f10300 points into unknown readable memory: 0x0000000130548598 | 98 85 54 30 01 00 00 00
R10=0x00000001089341c0: _ZN19TemplateInterpreter13_normal_tableE+0x4800 in /Library/Java/JavaVirtualMachines/jdk-15.0.2.jdk/Contents/Home/lib/server/libjvm.dylib at 0x0000000107d02000
R11=0x0000000000000246 is an unknown value
R12=0x0 is NULL
R13=0x0000000130548560 is pointing into metadata
R14=0x000070000208cb48 is pointing into the stack for thread: 0x00007fcc75808800
R15=0x00007fcc75808800 is a thread


Registers:
RAX=0x0000000000000000, RBX=0x00000000000000b7, RCX=0x0000000130548608, RDX=0x0000000000032804
RSP=0x000070000208cac8, RBP=0x000070000208cb28, RSI=0x0000000000000001, RDI=0x0000000000000000
R8 =0x0000000130548598, R9 =0x00007fcc73f10300, R10=0x00000001089341c0, R11=0x0000000000000246
R12=0x0000000000000000, R13=0x0000000130548560, R14=0x000070000208cb48, R15=0x00007fcc75808800
RIP=0x000000011592df4f, EFLAGS=0x0000000000010202, ERR=0x0000000000000004
  TRAPNO=0x000000000000000e

Top of Stack: (sp=0x000070000208cac8)
0x000070000208cac8:   000000000000007b 000000070fa72af8
0x000070000208cad8:   000000070fa72af8 000070000208cae0
0x000070000208cae8:   0000000130548560 000070000208cb48
0x000070000208caf8:   0000000130548608 0000000000000000
0x000070000208cb08:   000000070fa70d68 0000000130548598
0x000070000208cb18:   0000000000000000 000070000208cb48
0x000070000208cb28:   000070000208cbb0 0000000115904949
0x000070000208cb38:   0000000000000000 000000000000007b
0x000070000208cb48:   000000070fa72ae8 11905ebe00001fa0
0x000070000208cb58:   00007fcc75808800 000070000208ccf0
0x000070000208cb68:   000070000208cea0 000070000208ccd8
0x000070000208cb78:   0000000000000001 000070000208cc08
0x000070000208cb88:   000070000208cea8 000000000000000a
0x000070000208cb98:   0000000130548598 0000000115917200
0x000070000208cba8:   000070000208ccf8 000070000208cc90
0x000070000208cbb8:   00000001081aff62 0000000000000001
0x000070000208cbc8:   00007fcc75808800 00007fcc75808800
0x000070000208cbd8:   00007fcc73f0fc20 00007fcc73f10210
0x000070000208cbe8:   00007fcc73f10220 00007fcc73f102f8
0x000070000208cbf8:   00000000000000d8 00007fcc73f100f0
0x000070000208cc08:   00007fcc75808800 00007fcc73f10bd0
0x000070000208cc18:   0000000130548598 0000000000000000
0x000070000208cc28:   0000000000000000 0000000000000000
0x000070000208cc38:   0000000000000000 000070000208cea0
0x000070000208cc48:   0000000000000000 0000000115917200
0x000070000208cc58:   000000000000000f 0000000a003e9968
0x000070000208cc68:   00007fcc75808800 0000000000000008
0x000070000208cc78:   000070000208cea0 00007fcc73f0fbf0
0x000070000208cc88:   000070000208ccf0 000070000208cda0
0x000070000208cc98:   00000001082105f9 00007fcc73f0fd00
0x000070000208cca8:   00007fcc73f0fd10 00007fcc75808800
0x000070000208ccb8:   000070000208ce60 00007fcc73f100e8 

Instructions: (pc=0x000000011592df4f)
0x000000011592de4f:   00 4d 03 ea 4c 33 6a 08 49 f7 c5 fc ff ff ff 74
0x000000011592de5f:   38 49 f7 c5 02 00 00 00 75 2f 48 81 7a 08 00 00
0x000000011592de6f:   00 00 74 21 48 81 7a 08 01 00 00 00 74 17 4c 33
0x000000011592de7f:   6a 08 49 f7 c5 fc ff ff ff 74 0e 48 81 4a 08 02
0x000000011592de8f:   00 00 00 eb 04 4c 89 6a 08 48 83 c2 10 4c 8b 6a
0x000000011592de9f:   d8 41 83 ed 04 41 c1 e5 03 49 03 d5 48 89 55 d8
0x000000011592deaf:   4c 8d 6c 24 08 4c 89 6d f0 41 80 bf 80 04 00 00
0x000000011592debf:   00 74 03 ff 63 30 ff 63 48 00 00 00 00 00 00 00
0x000000011592decf:   00 00 00 00 00 00 00 00 00 00 00 00 00 00 00 00
0x000000011592dedf:   00 a0 03 00 00 00 00 00 00 7c c2 77 08 01 00 00
0x000000011592deef:   00 b7 00 00 00 00 00 00 00 00 00 00 00 00 00 00
0x000000011592deff:   00 50 e9 39 00 00 00 48 83 ec 08 c5 fa 11 04 24
0x000000011592df0f:   e9 2b 00 00 00 48 83 ec 10 c5 fb 11 04 24 e9 1d
0x000000011592df1f:   00 00 00 48 83 ec 10 48 89 04 24 49 ba 00 00 00
0x000000011592df2f:   00 00 00 00 00 4c 89 54 24 08 e9 01 00 00 00 50
0x000000011592df3f:   4c 89 6d c0 41 0f b7 55 01 48 8b 4d d0 c1 e2 02
0x000000011592df4f:   8b 5c d1 28 c1 eb 10 81 e3 ff 00 00 00 81 fb b7
0x000000011592df5f:   00 00 00 0f 84 42 01 00 00 bb b7 00 00 00 e8 05
0x000000011592df6f:   00 00 00 e9 27 01 00 00 48 8b f3 48 8d 44 24 08
0x000000011592df7f:   4c 89 6d c0 49 8b ff c5 f8 77 49 89 af 18 03 00
0x000000011592df8f:   00 49 89 87 08 03 00 00 f7 c4 0f 00 00 00 0f 84
0x000000011592df9f:   12 00 00 00 48 83 ec 08 e8 54 b2 87 f2 48 83 c4
0x000000011592dfaf:   08 e9 05 00 00 00 e8 46 b2 87 f2 49 ba 00 00 00
0x000000011592dfbf:   00 00 00 00 00 4d 89 97 08 03 00 00 49 ba 00 00
0x000000011592dfcf:   00 00 00 00 00 00 4d 89 97 18 03 00 00 49 ba 00
0x000000011592dfdf:   00 00 00 00 00 00 00 4d 89 97 10 03 00 00 c5 f8
0x000000011592dfef:   77 41 8b bf 2c 04 00 00 f7 c7 01 00 00 00 0f 84
0x000000011592dfff:   31 00 00 00 f7 c7 02 00 00 00 0f 85 25 00 00 00
0x000000011592e00f:   f7 c4 0f 00 00 00 0f 84 12 00 00 00 48 83 ec 08
0x000000011592e01f:   e8 1c c2 86 f2 48 83 c4 08 e9 05 00 00 00 e8 0e
0x000000011592e02f:   c2 86 f2 ff e0 49 8b bf 78 04 00 00 48 85 ff 0f
0x000000011592e03f:   84 3e 00 00 00 8b 7f 7c 83 ff 01 0f 85 32 00 00 


Stack slot to memory mapping:
stack at sp + 0 slots: 0x000000000000007b is an unknown value
stack at sp + 1 slots: 0x000000070fa72af8 is an oop: Package2.palindrome 
{0x000000070fa72af8} - klass: 'Package2/palindrome'
stack at sp + 2 slots: 0x000000070fa72af8 is an oop: Package2.palindrome 
{0x000000070fa72af8} - klass: 'Package2/palindrome'
stack at sp + 3 slots: 0x000070000208cae0 is pointing into the stack for thread: 0x00007fcc75808800
stack at sp + 4 slots: 0x0000000130548560 is pointing into metadata
stack at sp + 5 slots: 0x000070000208cb48 is pointing into the stack for thread: 0x00007fcc75808800
stack at sp + 6 slots: 0x0000000130548608 is pointing into metadata
stack at sp + 7 slots: 0x0 is NULL

invokespecial  183 invokespecial  [0x000000011592df00, 0x000000011592e280]  896 bytes
[MachCode]
  0x000000011592df00: 50e9 3900 | 0000 4883 | ec08 c5fa | 1104 24e9 | 2b00 0000 | 4883 ec10 | c5fb 1104 | 24e9 1d00 
  0x000000011592df20: 0000 4883 | ec10 4889 | 0424 49ba | 0000 0000 | 0000 0000 | 4c89 5424 | 08e9 0100 | 0000 504c 
  0x000000011592df40: 896d c041 | 0fb7 5501 | 488b 4dd0 | c1e2 028b | 5cd1 28c1 | eb10 81e3 | ff00 0000 | 81fb b700 
  0x000000011592df60: 0000 0f84 | 4201 0000 | bbb7 0000 | 00e8 0500 | 0000 e927 | 0100 0048 | 8bf3 488d | 4424 084c 
  0x000000011592df80: 896d c049 | 8bff c5f8 | 7749 89af | 1803 0000 | 4989 8708 | 0300 00f7 | c40f 0000 | 000f 8412 
  0x000000011592dfa0: 0000 0048 | 83ec 08e8 | 54b2 87f2 | 4883 c408 | e905 0000 | 00e8 46b2 | 87f2 49ba | 0000 0000 
  0x000000011592dfc0: 0000 0000 | 4d89 9708 | 0300 0049 | ba00 0000 | 0000 0000 | 004d 8997 | 1803 0000 | 49ba 0000 
  0x000000011592dfe0: 0000 0000 | 0000 4d89 | 9710 0300 | 00c5 f877 | 418b bf2c | 0400 00f7 | c701 0000 | 000f 8431 
  0x000000011592e000: 0000 00f7 | c702 0000 | 000f 8525 | 0000 00f7 | c40f 0000 | 000f 8412 | 0000 0048 | 83ec 08e8 
  0x000000011592e020: 1cc2 86f2 | 4883 c408 | e905 0000 | 00e8 0ec2 | 86f2 ffe0 | 498b bf78 | 0400 0048 | 85ff 0f84 
  0x000000011592e040: 3e00 0000 | 8b7f 7c83 | ff01 0f85 | 3200 0000 | 498b bf78 | 0400 008b | bf80 0000 | 00f7 c40f 
  0x000000011592e060: 0000 000f | 8412 0000 | 0048 83ec | 08e8 cecc | 86f2 4883 | c408 e905 | 0000 00e8 | c0cc 86f2 
  0x000000011592e080: ffe0 4981 | 7f08 0000 | 0000 0f84 | 0500 0000 | e9eb 67fd | ff4c 8b6d | c04c 8b75 | c8c3 410f 
  0x000000011592e0a0: b755 0148 | 8b4d d0c1 | e202 488b | 5cd1 308b | 54d1 408b | ca81 e1ff | 0000 0048 | 8b4c ccf8 
  0x000000011592e0c0: c1ea 1c49 | bad0 9e93 | 0801 0000 | 0049 8b14 | d252 483b | 0148 8b45 | d848 85c0 | 0f84 1200 
  0x000000011592e0e0: 0000 4883 | 4008 0148 | 8358 0800 | 4883 c010 | 4889 45d8 | 488b 45d8 | 4885 c00f | 8449 0100 
  0x000000011592e100: 0080 78f0 | 0a0f 853f | 0100 0048 | 83c0 084c | 8b68 f841 | 83ed 0041 | 83fd 020f | 8c1e 0100 
  0x000000011592e120: 004c 8b6b | 0845 0fb7 | 6d34 4c2b | 2841 83ed | 014e 8b6c | ec08 4d85 | ed75 0a48 | 8148 0801 
  0x000000011592e140: 0000 00eb | 5a45 8b6d | 0849 c1e5 | 0349 ba00 | 0000 0008 | 0000 004d | 03ea 4c33 | 6808 49f7 
  0x000000011592e160: c5fc ffff | ff74 3849 | f7c5 0200 | 0000 752f | 4881 7808 | 0000 0000 | 7421 4881 | 7808 0100 
  0x000000011592e180: 0000 7417 | 4c33 6808 | 49f7 c5fc | ffff ff74 | 0e48 8148 | 0802 0000 | 00eb 044c | 8968 0848 
  0x000000011592e1a0: 83c0 104c | 8b68 e841 | 83ed 0241 | 83fd 020f | 8c8a 0000 | 004c 8b6b | 0845 0fb7 | 6d34 4c2b 
  0x000000011592e1c0: 2841 83ed | 014e 8b6c | ec08 4d85 | ed75 0a48 | 8148 0801 | 0000 00eb | 5a45 8b6d | 0849 c1e5 
  0x000000011592e1e0: 0349 ba00 | 0000 0008 | 0000 004d | 03ea 4c33 | 6808 49f7 | c5fc ffff | ff74 3849 | f7c5 0200 
  0x000000011592e200: 0000 752f | 4881 7808 | 0000 0000 | 7421 4881 | 7808 0100 | 0000 7417 | 4c33 6808 | 49f7 c5fc 
  0x000000011592e220: ffff ff74 | 0e48 8148 | 0802 0000 | 00eb 044c | 8968 0848 | 83c0 104c | 8b68 d841 | 83ed 0441 
  0x000000011592e240: c1e5 0349 | 03c5 4889 | 45d8 4c8d | 6c24 084c | 896d f041 | 80bf 8004 | 0000 0074 | 03ff 6330 
  0x000000011592e260: ff63 480f | 1f44 0000 | 0000 0000 | 0000 0000 | 0000 0000 | 0000 0000 | 0000 0000 | 0000 0000 
[/MachCode]

---------------  P R O C E S S  ---------------

Threads class SMR info:
_java_thread_list=0x00007fcc73e31c80, length=13, elements={
0x00007fcc75808800, 0x00007fcc78808200, 0x00007fcc7500a000, 0x00007fcc7500a600,
0x00007fcc7500de00, 0x00007fcc7500e400, 0x00007fcc74816c00, 0x00007fcc758df800,
0x00007fcc74817a00, 0x00007fcc748bac00, 0x00007fcc77026200, 0x00007fcc77026800,
0x00007fcc7880cc00
}

Java Threads: ( => current thread )
=>0x00007fcc75808800 JavaThread "main" [_thread_in_Java, id=9987, stack(0x0000700001f8d000,0x000070000208d000)]
  0x00007fcc78808200 JavaThread "Reference Handler" daemon [_thread_blocked, id=14083, stack(0x00007000026a2000,0x00007000027a2000)]
  0x00007fcc7500a000 JavaThread "Finalizer" daemon [_thread_blocked, id=16643, stack(0x00007000027a5000,0x00007000028a5000)]
  0x00007fcc7500a600 JavaThread "Signal Dispatcher" daemon [_thread_blocked, id=22275, stack(0x00007000029ae000,0x0000700002aae000)]
  0x00007fcc7500de00 JavaThread "Service Thread" daemon [_thread_blocked, id=41731, stack(0x0000700002ab1000,0x0000700002bb1000)]
  0x00007fcc7500e400 JavaThread "C2 CompilerThread0" daemon [_thread_blocked, id=23555, stack(0x0000700002bb4000,0x0000700002cb4000)]
  0x00007fcc74816c00 JavaThread "C1 CompilerThread0" daemon [_thread_blocked, id=24323, stack(0x0000700002cb7000,0x0000700002db7000)]
  0x00007fcc758df800 JavaThread "Sweeper thread" daemon [_thread_blocked, id=24579, stack(0x0000700002dba000,0x0000700002eba000)]
  0x00007fcc74817a00 JavaThread "Common-Cleaner" daemon [_thread_blocked, id=25347, stack(0x0000700002ebd000,0x0000700002fbd000)]
  0x00007fcc748bac00 JavaThread "JDWP Transport Listener: dt_socket" daemon [_thread_blocked, id=39683, stack(0x0000700002fc0000,0x00007000030c0000)]
  0x00007fcc77026200 JavaThread "JDWP Event Helper Thread" daemon [_thread_blocked, id=26371, stack(0x00007000030c3000,0x00007000031c3000)]
  0x00007fcc77026800 JavaThread "JDWP Command Reader" daemon [_thread_in_native, id=26883, stack(0x00007000031c6000,0x00007000032c6000)]
  0x00007fcc7880cc00 JavaThread "Notification Thread" daemon [_thread_blocked, id=37635, stack(0x00007000033cc000,0x00007000034cc000)]

Other Threads:
  0x00007fcc73d113f0 VMThread "VM Thread" [stack: 0x000070000259f000,0x000070000269f000] [id=13571]
  0x00007fcc73f68a20 WatcherThread [stack: 0x00007000034cf000,0x00007000035cf000] [id=37379]
  0x00007fcc73f1c730 GCTaskThread "GC Thread#0" [stack: 0x0000700002090000,0x0000700002190000] [id=12035]
  0x00007fcc73f1d8d0 ConcurrentGCThread "G1 Main Marker" [stack: 0x0000700002193000,0x0000700002293000] [id=12291]
  0x00007fcc73c04390 ConcurrentGCThread "G1 Conc#0" [stack: 0x0000700002296000,0x0000700002396000] [id=18435]
  0x00007fcc73f38180 ConcurrentGCThread "G1 Refine#0" [stack: 0x0000700002399000,0x0000700002499000] [id=18179]
  0x00007fcc73e0d4f0 ConcurrentGCThread "G1 Young RemSet Sampling" [stack: 0x000070000249c000,0x000070000259c000] [id=17667]

Threads with active compile tasks:

VM state: not at safepoint (normal execution)

VM Mutex/Monitor currently owned by a thread: None

Heap address: 0x0000000700000000, size: 4096 MB, Compressed Oops mode: Zero based, Oop shift amount: 3
CDS archive(s) mapped at: [0x0000000800000000-0x0000000800b2d000-0x0000000800b2d000), size 11718656, SharedBaseAddress: 0x0000000800000000, ArchiveRelocationMode: 0.
Compressed class space mapped at: 0x0000000800b30000-0x0000000840b30000, size: 1073741824
Narrow klass base: 0x0000000800000000, Narrow klass shift: 3, Narrow klass range: 0x100000000

GC Precious Log:
 CPUs: 8 total, 8 available
 Memory: 16384M
 Large Page Support: Disabled
 NUMA Support: Disabled
 Compressed Oops: Enabled (Zero based)
 Heap Region Size: 2M
 Heap Min Capacity: 8M
 Heap Initial Capacity: 256M
 Heap Max Capacity: 4G
 Pre-touch: Disabled
 Parallel Workers: 8
 Concurrent Workers: 2
 Concurrent Refinement Workers: 8
 Periodic GC: Disabled

Heap:
 garbage-first heap   total 266240K, used 5928K [0x0000000700000000, 0x0000000800000000)
  region size 2048K, 3 young (6144K), 0 survivors (0K)
 Metaspace       used 3061K, capacity 4812K, committed 5120K, reserved 1056768K
  class space    used 303K, capacity 431K, committed 512K, reserved 1048576K

Heap Regions: E=young(eden), S=young(survivor), O=old, HS=humongous(starts), HC=humongous(continues), CS=collection set, F=free, OA=open archive, CA=closed archive, TAMS=top-at-mark-start (previous, next)
|   0|0x0000000700000000, 0x0000000700000000, 0x0000000700200000|  0%| F|  |TAMS 0x0000000700000000, 0x0000000700000000| Untracked 
|   1|0x0000000700200000, 0x0000000700200000, 0x0000000700400000|  0%| F|  |TAMS 0x0000000700200000, 0x0000000700200000| Untracked 
|   2|0x0000000700400000, 0x0000000700400000, 0x0000000700600000|  0%| F|  |TAMS 0x0000000700400000, 0x0000000700400000| Untracked 
|   3|0x0000000700600000, 0x0000000700600000, 0x0000000700800000|  0%| F|  |TAMS 0x0000000700600000, 0x0000000700600000| Untracked 
|   4|0x0000000700800000, 0x0000000700800000, 0x0000000700a00000|  0%| F|  |TAMS 0x0000000700800000, 0x0000000700800000| Untracked 
|   5|0x0000000700a00000, 0x0000000700a00000, 0x0000000700c00000|  0%| F|  |TAMS 0x0000000700a00000, 0x0000000700a00000| Untracked 
|   6|0x0000000700c00000, 0x0000000700c00000, 0x0000000700e00000|  0%| F|  |TAMS 0x0000000700c00000, 0x0000000700c00000| Untracked 
|   7|0x0000000700e00000, 0x0000000700e00000, 0x0000000701000000|  0%| F|  |TAMS 0x0000000700e00000, 0x0000000700e00000| Untracked 
|   8|0x0000000701000000, 0x0000000701000000, 0x0000000701200000|  0%| F|  |TAMS 0x0000000701000000, 0x0000000701000000| Untracked 
|   9|0x0000000701200000, 0x0000000701200000, 0x0000000701400000|  0%| F|  |TAMS 0x0000000701200000, 0x0000000701200000| Untracked 
|  10|0x0000000701400000, 0x0000000701400000, 0x0000000701600000|  0%| F|  |TAMS 0x0000000701400000, 0x0000000701400000| Untracked 
|  11|0x0000000701600000, 0x0000000701600000, 0x0000000701800000|  0%| F|  |TAMS 0x0000000701600000, 0x0000000701600000| Untracked 
|  12|0x0000000701800000, 0x0000000701800000, 0x0000000701a00000|  0%| F|  |TAMS 0x0000000701800000, 0x0000000701800000| Untracked 
|  13|0x0000000701a00000, 0x0000000701a00000, 0x0000000701c00000|  0%| F|  |TAMS 0x0000000701a00000, 0x0000000701a00000| Untracked 
|  14|0x0000000701c00000, 0x0000000701c00000, 0x0000000701e00000|  0%| F|  |TAMS 0x0000000701c00000, 0x0000000701c00000| Untracked 
|  15|0x0000000701e00000, 0x0000000701e00000, 0x0000000702000000|  0%| F|  |TAMS 0x0000000701e00000, 0x0000000701e00000| Untracked 
|  16|0x0000000702000000, 0x0000000702000000, 0x0000000702200000|  0%| F|  |TAMS 0x0000000702000000, 0x0000000702000000| Untracked 
|  17|0x0000000702200000, 0x0000000702200000, 0x0000000702400000|  0%| F|  |TAMS 0x0000000702200000, 0x0000000702200000| Untracked 
|  18|0x0000000702400000, 0x0000000702400000, 0x0000000702600000|  0%| F|  |TAMS 0x0000000702400000, 0x0000000702400000| Untracked 
|  19|0x0000000702600000, 0x0000000702600000, 0x0000000702800000|  0%| F|  |TAMS 0x0000000702600000, 0x0000000702600000| Untracked 
|  20|0x0000000702800000, 0x0000000702800000, 0x0000000702a00000|  0%| F|  |TAMS 0x0000000702800000, 0x0000000702800000| Untracked 
|  21|0x0000000702a00000, 0x0000000702a00000, 0x0000000702c00000|  0%| F|  |TAMS 0x0000000702a00000, 0x0000000702a00000| Untracked 
|  22|0x0000000702c00000, 0x0000000702c00000, 0x0000000702e00000|  0%| F|  |TAMS 0x0000000702c00000, 0x0000000702c00000| Untracked 
|  23|0x0000000702e00000, 0x0000000702e00000, 0x0000000703000000|  0%| F|  |TAMS 0x0000000702e00000, 0x0000000702e00000| Untracked 
|  24|0x0000000703000000, 0x0000000703000000, 0x0000000703200000|  0%| F|  |TAMS 0x0000000703000000, 0x0000000703000000| Untracked 
|  25|0x0000000703200000, 0x0000000703200000, 0x0000000703400000|  0%| F|  |TAMS 0x0000000703200000, 0x0000000703200000| Untracked 
|  26|0x0000000703400000, 0x0000000703400000, 0x0000000703600000|  0%| F|  |TAMS 0x0000000703400000, 0x0000000703400000| Untracked 
|  27|0x0000000703600000, 0x0000000703600000, 0x0000000703800000|  0%| F|  |TAMS 0x0000000703600000, 0x0000000703600000| Untracked 
|  28|0x0000000703800000, 0x0000000703800000, 0x0000000703a00000|  0%| F|  |TAMS 0x0000000703800000, 0x0000000703800000| Untracked 
|  29|0x0000000703a00000, 0x0000000703a00000, 0x0000000703c00000|  0%| F|  |TAMS 0x0000000703a00000, 0x0000000703a00000| Untracked 
|  30|0x0000000703c00000, 0x0000000703c00000, 0x0000000703e00000|  0%| F|  |TAMS 0x0000000703c00000, 0x0000000703c00000| Untracked 
|  31|0x0000000703e00000, 0x0000000703e00000, 0x0000000704000000|  0%| F|  |TAMS 0x0000000703e00000, 0x0000000703e00000| Untracked 
|  32|0x0000000704000000, 0x0000000704000000, 0x0000000704200000|  0%| F|  |TAMS 0x0000000704000000, 0x0000000704000000| Untracked 
|  33|0x0000000704200000, 0x0000000704200000, 0x0000000704400000|  0%| F|  |TAMS 0x0000000704200000, 0x0000000704200000| Untracked 
|  34|0x0000000704400000, 0x0000000704400000, 0x0000000704600000|  0%| F|  |TAMS 0x0000000704400000, 0x0000000704400000| Untracked 
|  35|0x0000000704600000, 0x0000000704600000, 0x0000000704800000|  0%| F|  |TAMS 0x0000000704600000, 0x0000000704600000| Untracked 
|  36|0x0000000704800000, 0x0000000704800000, 0x0000000704a00000|  0%| F|  |TAMS 0x0000000704800000, 0x0000000704800000| Untracked 
|  37|0x0000000704a00000, 0x0000000704a00000, 0x0000000704c00000|  0%| F|  |TAMS 0x0000000704a00000, 0x0000000704a00000| Untracked 
|  38|0x0000000704c00000, 0x0000000704c00000, 0x0000000704e00000|  0%| F|  |TAMS 0x0000000704c00000, 0x0000000704c00000| Untracked 
|  39|0x0000000704e00000, 0x0000000704e00000, 0x0000000705000000|  0%| F|  |TAMS 0x0000000704e00000, 0x0000000704e00000| Untracked 
|  40|0x0000000705000000, 0x0000000705000000, 0x0000000705200000|  0%| F|  |TAMS 0x0000000705000000, 0x0000000705000000| Untracked 
|  41|0x0000000705200000, 0x0000000705200000, 0x0000000705400000|  0%| F|  |TAMS 0x0000000705200000, 0x0000000705200000| Untracked 
|  42|0x0000000705400000, 0x0000000705400000, 0x0000000705600000|  0%| F|  |TAMS 0x0000000705400000, 0x0000000705400000| Untracked 
|  43|0x0000000705600000, 0x0000000705600000, 0x0000000705800000|  0%| F|  |TAMS 0x0000000705600000, 0x0000000705600000| Untracked 
|  44|0x0000000705800000, 0x0000000705800000, 0x0000000705a00000|  0%| F|  |TAMS 0x0000000705800000, 0x0000000705800000| Untracked 
|  45|0x0000000705a00000, 0x0000000705a00000, 0x0000000705c00000|  0%| F|  |TAMS 0x0000000705a00000, 0x0000000705a00000| Untracked 
|  46|0x0000000705c00000, 0x0000000705c00000, 0x0000000705e00000|  0%| F|  |TAMS 0x0000000705c00000, 0x0000000705c00000| Untracked 
|  47|0x0000000705e00000, 0x0000000705e00000, 0x0000000706000000|  0%| F|  |TAMS 0x0000000705e00000, 0x0000000705e00000| Untracked 
|  48|0x0000000706000000, 0x0000000706000000, 0x0000000706200000|  0%| F|  |TAMS 0x0000000706000000, 0x0000000706000000| Untracked 
|  49|0x0000000706200000, 0x0000000706200000, 0x0000000706400000|  0%| F|  |TAMS 0x0000000706200000, 0x0000000706200000| Untracked 
|  50|0x0000000706400000, 0x0000000706400000, 0x0000000706600000|  0%| F|  |TAMS 0x0000000706400000, 0x0000000706400000| Untracked 
|  51|0x0000000706600000, 0x0000000706600000, 0x0000000706800000|  0%| F|  |TAMS 0x0000000706600000, 0x0000000706600000| Untracked 
|  52|0x0000000706800000, 0x0000000706800000, 0x0000000706a00000|  0%| F|  |TAMS 0x0000000706800000, 0x0000000706800000| Untracked 
|  53|0x0000000706a00000, 0x0000000706a00000, 0x0000000706c00000|  0%| F|  |TAMS 0x0000000706a00000, 0x0000000706a00000| Untracked 
|  54|0x0000000706c00000, 0x0000000706c00000, 0x0000000706e00000|  0%| F|  |TAMS 0x0000000706c00000, 0x0000000706c00000| Untracked 
|  55|0x0000000706e00000, 0x0000000706e00000, 0x0000000707000000|  0%| F|  |TAMS 0x0000000706e00000, 0x0000000706e00000| Untracked 
|  56|0x0000000707000000, 0x0000000707000000, 0x0000000707200000|  0%| F|  |TAMS 0x0000000707000000, 0x0000000707000000| Untracked 
|  57|0x0000000707200000, 0x0000000707200000, 0x0000000707400000|  0%| F|  |TAMS 0x0000000707200000, 0x0000000707200000| Untracked 
|  58|0x0000000707400000, 0x0000000707400000, 0x0000000707600000|  0%| F|  |TAMS 0x0000000707400000, 0x0000000707400000| Untracked 
|  59|0x0000000707600000, 0x0000000707600000, 0x0000000707800000|  0%| F|  |TAMS 0x0000000707600000, 0x0000000707600000| Untracked 
|  60|0x0000000707800000, 0x0000000707800000, 0x0000000707a00000|  0%| F|  |TAMS 0x0000000707800000, 0x0000000707800000| Untracked 
|  61|0x0000000707a00000, 0x0000000707a00000, 0x0000000707c00000|  0%| F|  |TAMS 0x0000000707a00000, 0x0000000707a00000| Untracked 
|  62|0x0000000707c00000, 0x0000000707c00000, 0x0000000707e00000|  0%| F|  |TAMS 0x0000000707c00000, 0x0000000707c00000| Untracked 
|  63|0x0000000707e00000, 0x0000000707e00000, 0x0000000708000000|  0%| F|  |TAMS 0x0000000707e00000, 0x0000000707e00000| Untracked 
|  64|0x0000000708000000, 0x0000000708000000, 0x0000000708200000|  0%| F|  |TAMS 0x0000000708000000, 0x0000000708000000| Untracked 
|  65|0x0000000708200000, 0x0000000708200000, 0x0000000708400000|  0%| F|  |TAMS 0x0000000708200000, 0x0000000708200000| Untracked 
|  66|0x0000000708400000, 0x0000000708400000, 0x0000000708600000|  0%| F|  |TAMS 0x0000000708400000, 0x0000000708400000| Untracked 
|  67|0x0000000708600000, 0x0000000708600000, 0x0000000708800000|  0%| F|  |TAMS 0x0000000708600000, 0x0000000708600000| Untracked 
|  68|0x0000000708800000, 0x0000000708800000, 0x0000000708a00000|  0%| F|  |TAMS 0x0000000708800000, 0x0000000708800000| Untracked 
|  69|0x0000000708a00000, 0x0000000708a00000, 0x0000000708c00000|  0%| F|  |TAMS 0x0000000708a00000, 0x0000000708a00000| Untracked 
|  70|0x0000000708c00000, 0x0000000708c00000, 0x0000000708e00000|  0%| F|  |TAMS 0x0000000708c00000, 0x0000000708c00000| Untracked 
|  71|0x0000000708e00000, 0x0000000708e00000, 0x0000000709000000|  0%| F|  |TAMS 0x0000000708e00000, 0x0000000708e00000| Untracked 
|  72|0x0000000709000000, 0x0000000709000000, 0x0000000709200000|  0%| F|  |TAMS 0x0000000709000000, 0x0000000709000000| Untracked 
|  73|0x0000000709200000, 0x0000000709200000, 0x0000000709400000|  0%| F|  |TAMS 0x0000000709200000, 0x0000000709200000| Untracked 
|  74|0x0000000709400000, 0x0000000709400000, 0x0000000709600000|  0%| F|  |TAMS 0x0000000709400000, 0x0000000709400000| Untracked 
|  75|0x0000000709600000, 0x0000000709600000, 0x0000000709800000|  0%| F|  |TAMS 0x0000000709600000, 0x0000000709600000| Untracked 
|  76|0x0000000709800000, 0x0000000709800000, 0x0000000709a00000|  0%| F|  |TAMS 0x0000000709800000, 0x0000000709800000| Untracked 
|  77|0x0000000709a00000, 0x0000000709a00000, 0x0000000709c00000|  0%| F|  |TAMS 0x0000000709a00000, 0x0000000709a00000| Untracked 
|  78|0x0000000709c00000, 0x0000000709c00000, 0x0000000709e00000|  0%| F|  |TAMS 0x0000000709c00000, 0x0000000709c00000| Untracked 
|  79|0x0000000709e00000, 0x0000000709e00000, 0x000000070a000000|  0%| F|  |TAMS 0x0000000709e00000, 0x0000000709e00000| Untracked 
|  80|0x000000070a000000, 0x000000070a000000, 0x000000070a200000|  0%| F|  |TAMS 0x000000070a000000, 0x000000070a000000| Untracked 
|  81|0x000000070a200000, 0x000000070a200000, 0x000000070a400000|  0%| F|  |TAMS 0x000000070a200000, 0x000000070a200000| Untracked 
|  82|0x000000070a400000, 0x000000070a400000, 0x000000070a600000|  0%| F|  |TAMS 0x000000070a400000, 0x000000070a400000| Untracked 
|  83|0x000000070a600000, 0x000000070a600000, 0x000000070a800000|  0%| F|  |TAMS 0x000000070a600000, 0x000000070a600000| Untracked 
|  84|0x000000070a800000, 0x000000070a800000, 0x000000070aa00000|  0%| F|  |TAMS 0x000000070a800000, 0x000000070a800000| Untracked 
|  85|0x000000070aa00000, 0x000000070aa00000, 0x000000070ac00000|  0%| F|  |TAMS 0x000000070aa00000, 0x000000070aa00000| Untracked 
|  86|0x000000070ac00000, 0x000000070ac00000, 0x000000070ae00000|  0%| F|  |TAMS 0x000000070ac00000, 0x000000070ac00000| Untracked 
|  87|0x000000070ae00000, 0x000000070ae00000, 0x000000070b000000|  0%| F|  |TAMS 0x000000070ae00000, 0x000000070ae00000| Untracked 
|  88|0x000000070b000000, 0x000000070b000000, 0x000000070b200000|  0%| F|  |TAMS 0x000000070b000000, 0x000000070b000000| Untracked 
|  89|0x000000070b200000, 0x000000070b200000, 0x000000070b400000|  0%| F|  |TAMS 0x000000070b200000, 0x000000070b200000| Untracked 
|  90|0x000000070b400000, 0x000000070b400000, 0x000000070b600000|  0%| F|  |TAMS 0x000000070b400000, 0x000000070b400000| Untracked 
|  91|0x000000070b600000, 0x000000070b600000, 0x000000070b800000|  0%| F|  |TAMS 0x000000070b600000, 0x000000070b600000| Untracked 
|  92|0x000000070b800000, 0x000000070b800000, 0x000000070ba00000|  0%| F|  |TAMS 0x000000070b800000, 0x000000070b800000| Untracked 
|  93|0x000000070ba00000, 0x000000070ba00000, 0x000000070bc00000|  0%| F|  |TAMS 0x000000070ba00000, 0x000000070ba00000| Untracked 
|  94|0x000000070bc00000, 0x000000070bc00000, 0x000000070be00000|  0%| F|  |TAMS 0x000000070bc00000, 0x000000070bc00000| Untracked 
|  95|0x000000070be00000, 0x000000070be00000, 0x000000070c000000|  0%| F|  |TAMS 0x000000070be00000, 0x000000070be00000| Untracked 
|  96|0x000000070c000000, 0x000000070c000000, 0x000000070c200000|  0%| F|  |TAMS 0x000000070c000000, 0x000000070c000000| Untracked 
|  97|0x000000070c200000, 0x000000070c200000, 0x000000070c400000|  0%| F|  |TAMS 0x000000070c200000, 0x000000070c200000| Untracked 
|  98|0x000000070c400000, 0x000000070c400000, 0x000000070c600000|  0%| F|  |TAMS 0x000000070c400000, 0x000000070c400000| Untracked 
|  99|0x000000070c600000, 0x000000070c600000, 0x000000070c800000|  0%| F|  |TAMS 0x000000070c600000, 0x000000070c600000| Untracked 
| 100|0x000000070c800000, 0x000000070c800000, 0x000000070ca00000|  0%| F|  |TAMS 0x000000070c800000, 0x000000070c800000| Untracked 
| 101|0x000000070ca00000, 0x000000070ca00000, 0x000000070cc00000|  0%| F|  |TAMS 0x000000070ca00000, 0x000000070ca00000| Untracked 
| 102|0x000000070cc00000, 0x000000070cc00000, 0x000000070ce00000|  0%| F|  |TAMS 0x000000070cc00000, 0x000000070cc00000| Untracked 
| 103|0x000000070ce00000, 0x000000070ce00000, 0x000000070d000000|  0%| F|  |TAMS 0x000000070ce00000, 0x000000070ce00000| Untracked 
| 104|0x000000070d000000, 0x000000070d000000, 0x000000070d200000|  0%| F|  |TAMS 0x000000070d000000, 0x000000070d000000| Untracked 
| 105|0x000000070d200000, 0x000000070d200000, 0x000000070d400000|  0%| F|  |TAMS 0x000000070d200000, 0x000000070d200000| Untracked 
| 106|0x000000070d400000, 0x000000070d400000, 0x000000070d600000|  0%| F|  |TAMS 0x000000070d400000, 0x000000070d400000| Untracked 
| 107|0x000000070d600000, 0x000000070d600000, 0x000000070d800000|  0%| F|  |TAMS 0x000000070d600000, 0x000000070d600000| Untracked 
| 108|0x000000070d800000, 0x000000070d800000, 0x000000070da00000|  0%| F|  |TAMS 0x000000070d800000, 0x000000070d800000| Untracked 
| 109|0x000000070da00000, 0x000000070da00000, 0x000000070dc00000|  0%| F|  |TAMS 0x000000070da00000, 0x000000070da00000| Untracked 
| 110|0x000000070dc00000, 0x000000070dc00000, 0x000000070de00000|  0%| F|  |TAMS 0x000000070dc00000, 0x000000070dc00000| Untracked 
| 111|0x000000070de00000, 0x000000070de00000, 0x000000070e000000|  0%| F|  |TAMS 0x000000070de00000, 0x000000070de00000| Untracked 
| 112|0x000000070e000000, 0x000000070e000000, 0x000000070e200000|  0%| F|  |TAMS 0x000000070e000000, 0x000000070e000000| Untracked 
| 113|0x000000070e200000, 0x000000070e200000, 0x000000070e400000|  0%| F|  |TAMS 0x000000070e200000, 0x000000070e200000| Untracked 
| 114|0x000000070e400000, 0x000000070e400000, 0x000000070e600000|  0%| F|  |TAMS 0x000000070e400000, 0x000000070e400000| Untracked 
| 115|0x000000070e600000, 0x000000070e600000, 0x000000070e800000|  0%| F|  |TAMS 0x000000070e600000, 0x000000070e600000| Untracked 
| 116|0x000000070e800000, 0x000000070e800000, 0x000000070ea00000|  0%| F|  |TAMS 0x000000070e800000, 0x000000070e800000| Untracked 
| 117|0x000000070ea00000, 0x000000070ea00000, 0x000000070ec00000|  0%| F|  |TAMS 0x000000070ea00000, 0x000000070ea00000| Untracked 
| 118|0x000000070ec00000, 0x000000070ec00000, 0x000000070ee00000|  0%| F|  |TAMS 0x000000070ec00000, 0x000000070ec00000| Untracked 
| 119|0x000000070ee00000, 0x000000070ee00000, 0x000000070f000000|  0%| F|  |TAMS 0x000000070ee00000, 0x000000070ee00000| Untracked 
| 120|0x000000070f000000, 0x000000070f000000, 0x000000070f200000|  0%| F|  |TAMS 0x000000070f000000, 0x000000070f000000| Untracked 
| 121|0x000000070f200000, 0x000000070f200000, 0x000000070f400000|  0%| F|  |TAMS 0x000000070f200000, 0x000000070f200000| Untracked 
| 122|0x000000070f400000, 0x000000070f400000, 0x000000070f600000|  0%| F|  |TAMS 0x000000070f400000, 0x000000070f400000| Untracked 
| 123|0x000000070f600000, 0x000000070f600000, 0x000000070f800000|  0%| F|  |TAMS 0x000000070f600000, 0x000000070f600000| Untracked 
| 124|0x000000070f800000, 0x000000070f800000, 0x000000070fa00000|  0%| F|  |TAMS 0x000000070f800000, 0x000000070f800000| Untracked 
| 125|0x000000070fa00000, 0x000000070fae25c0, 0x000000070fc00000| 44%| E|  |TAMS 0x000000070fa00000, 0x000000070fa00000| Complete 
| 126|0x000000070fc00000, 0x000000070fe00000, 0x000000070fe00000|100%| E|CS|TAMS 0x000000070fc00000, 0x000000070fc00000| Complete 
| 127|0x000000070fe00000, 0x0000000710000000, 0x0000000710000000|100%| E|CS|TAMS 0x000000070fe00000, 0x000000070fe00000| Complete 
|1534|0x00000007bfc00000, 0x00000007bfd51000, 0x00000007bfe00000| 65%|OA|  |TAMS 0x00000007bfc00000, 0x00000007bfc00000| Untracked 
|1535|0x00000007bfe00000, 0x00000007bfe79000, 0x00000007c0000000| 23%|CA|  |TAMS 0x00000007bfe00000, 0x00000007bfe00000| Untracked 

Card table byte_map: [0x0000000125104000,0x0000000125904000] _byte_map_base: 0x0000000121904000

Marking Bits (Prev, Next): (CMBitMap*) 0x00007fcc77008210, (CMBitMap*) 0x00007fcc77008250
 Prev Bits: [0x0000000126104000, 0x000000012a104000)
 Next Bits: [0x000000012a104000, 0x000000012e104000)

Polling page: 0x0000000108ccb000

Metaspace:

Usage:
  Non-class:      4.28 MB capacity,     2.69 MB ( 63%) used,     1.58 MB ( 37%) free+waste,     1.38 KB ( <1%) overhead. 
      Class:    431.00 KB capacity,   303.30 KB ( 70%) used,   126.88 KB ( 29%) free+waste,   832 bytes ( <1%) overhead. 
       Both:      4.70 MB capacity,     2.99 MB ( 64%) used,     1.71 MB ( 36%) free+waste,     2.19 KB ( <1%) overhead. 

Virtual space:
  Non-class space:        8.00 MB reserved,       4.50 MB ( 56%) committed 
      Class space:        1.00 GB reserved,     512.00 KB ( <1%) committed 
             Both:        1.01 GB reserved,       5.00 MB ( <1%) committed 

Chunk freelists:
   Non-Class:  19.00 KB
       Class:  17.00 KB
        Both:  36.00 KB

MaxMetaspaceSize: 17179869184.00 GB
CompressedClassSpaceSize: 1.00 GB

CodeHeap 'non-profiled nmethods': size=120028Kb used=118Kb max_used=118Kb free=119909Kb
 bounds [0x000000011d3cd000, 0x000000011d63d000, 0x0000000124904000]
CodeHeap 'profiled nmethods': size=120028Kb used=515Kb max_used=515Kb free=119512Kb
 bounds [0x0000000115e96000, 0x0000000116106000, 0x000000011d3cd000]
CodeHeap 'non-nmethods': size=5704Kb used=1202Kb max_used=1221Kb free=4501Kb
 bounds [0x0000000115904000, 0x0000000115b74000, 0x0000000115e96000]
 total_blobs=771 nmethods=386 adapters=299
 compilation: enabled
              stopped_count=0, restarted_count=0
 full_count=0

Compilation events (20 events):
Event: 0.310 Thread 0x00007fcc74816c00 nmethod 379 0x000000011d3e8f90 code [0x000000011d3e9120, 0x000000011d3e91d0]
Event: 0.313 Thread 0x00007fcc74816c00  382       3       sun.security.x509.X509CertImpl::getEncodedInternal (22 bytes)
Event: 0.313 Thread 0x00007fcc74816c00 nmethod 382 0x0000000115f15210 code [0x0000000115f153c0, 0x0000000115f15580]
Event: 0.314 Thread 0x00007fcc74816c00  383       3       java.lang.StringConcatHelper::stringOf (20 bytes)
Event: 0.314 Thread 0x00007fcc74816c00 nmethod 383 0x0000000115f15690 code [0x0000000115f15840, 0x0000000115f15a80]
Event: 0.314 Thread 0x00007fcc74816c00  384       3       java.lang.StringConcatHelper::mix (27 bytes)
Event: 0.315 Thread 0x00007fcc74816c00 nmethod 384 0x0000000115f15b90 code [0x0000000115f15d60, 0x0000000115f16180]
Event: 0.315 Thread 0x00007fcc74816c00  385       3       java.lang.StringConcatHelper::checkOverflow (17 bytes)
Event: 0.315 Thread 0x00007fcc74816c00 nmethod 385 0x0000000115f16390 code [0x0000000115f16540, 0x0000000115f16740]
Event: 0.315 Thread 0x00007fcc74816c00  386       1       java.nio.Buffer::limit (5 bytes)
Event: 0.315 Thread 0x00007fcc74816c00 nmethod 386 0x000000011d3e9690 code [0x000000011d3e9820, 0x000000011d3e98d0]
Event: 0.330 Thread 0x00007fcc7500e400 nmethod 380 0x000000011d3e9990 code [0x000000011d3e9b20, 0x000000011d3ea758]
Event: 103.911 Thread 0x00007fcc74816c00  387       3       org.eclipse.jdt.launching.internal.org.objectweb.asm.ClassReader::readUnsignedShort (26 bytes)
Event: 103.913 Thread 0x00007fcc74816c00 

Event: 261.790 Thread 0x00007fcc7500e400  388       4       org.eclipse.jdt.launching.internal.org.objectweb.asm.ClassReader::readUnsignedShort (26 bytes)
Event: 261.790 Thread 0x00007fcc74816c00  389       3       java.lang.String::<init> (74 bytes)
Event: 261.793 Thread 0x00007fcc74816c00 

Event: 261.793 Thread 0x00007fcc74816c00  390       3       java.lang.StringUTF16::compress (20 bytes)
Event: 261.793 Thread 0x00007fcc7500e400 

Event: 261.793 Thread 0x00007fcc74816c00 nmethod 390 0x0000000115f16810 code [0x0000000115f169c0, 0x0000000115f16be0]

GC Heap History (0 events):
No events

Deoptimization events (20 events):
Event: 0.209 Thread 0x00007fcc75808800 Uncommon trap: trap_request=0xffffffde fr.pc=0x000000011d3d8cf0 relative=0x0000000000000990
Event: 0.209 Thread 0x00007fcc75808800 Uncommon trap: reason=class_check action=maybe_recompile pc=0x000000011d3d8cf0 method=java.util.HashMap.putVal(ILjava/lang/Object;Ljava/lang/Object;ZZ)Ljava/lang/Object; @ 152 c2
Event: 0.209 Thread 0x00007fcc75808800 DEOPT PACKING pc=0x000000011d3d8cf0 sp=0x000070000208bb70
Event: 0.209 Thread 0x00007fcc75808800 DEOPT UNPACKING pc=0x0000000115952125 sp=0x000070000208bb00 mode 2
Event: 0.227 Thread 0x00007fcc75808800 Uncommon trap: trap_request=0xffffffde fr.pc=0x000000011d3d8cf0 relative=0x0000000000000990
Event: 0.227 Thread 0x00007fcc75808800 Uncommon trap: reason=class_check action=maybe_recompile pc=0x000000011d3d8cf0 method=java.util.HashMap.putVal(ILjava/lang/Object;Ljava/lang/Object;ZZ)Ljava/lang/Object; @ 152 c2
Event: 0.227 Thread 0x00007fcc75808800 DEOPT PACKING pc=0x000000011d3d8cf0 sp=0x000070000208b8c0
Event: 0.227 Thread 0x00007fcc75808800 DEOPT UNPACKING pc=0x0000000115952125 sp=0x000070000208b850 mode 2
Event: 0.227 Thread 0x00007fcc75808800 Uncommon trap: trap_request=0xffffff45 fr.pc=0x000000011d3d8e34 relative=0x0000000000000ad4
Event: 0.227 Thread 0x00007fcc75808800 Uncommon trap: reason=unstable_if action=reinterpret pc=0x000000011d3d8e34 method=java.util.HashMap.putVal(ILjava/lang/Object;Ljava/lang/Object;ZZ)Ljava/lang/Object; @ 181 c2
Event: 0.227 Thread 0x00007fcc75808800 DEOPT PACKING pc=0x000000011d3d8e34 sp=0x000070000208b990
Event: 0.227 Thread 0x00007fcc75808800 DEOPT UNPACKING pc=0x0000000115952125 sp=0x000070000208b940 mode 2
Event: 0.316 Thread 0x00007fcc75808800 DEOPT PACKING pc=0x0000000115f06a36 sp=0x0000700002088700
Event: 0.316 Thread 0x00007fcc75808800 DEOPT UNPACKING pc=0x0000000115951f2b sp=0x0000700002087be8 mode 0
Event: 0.316 Thread 0x00007fcc75808800 DEOPT PACKING pc=0x0000000115f06a36 sp=0x0000700002088700
Event: 0.316 Thread 0x00007fcc75808800 DEOPT UNPACKING pc=0x0000000115951f2b sp=0x0000700002087be8 mode 0
Event: 0.316 Thread 0x00007fcc75808800 DEOPT PACKING pc=0x0000000115f06a36 sp=0x0000700002088700
Event: 0.316 Thread 0x00007fcc75808800 DEOPT UNPACKING pc=0x0000000115951f2b sp=0x0000700002087be8 mode 0
Event: 0.317 Thread 0x00007fcc75808800 DEOPT PACKING pc=0x0000000115f06a36 sp=0x0000700002088700
Event: 0.317 Thread 0x00007fcc75808800 DEOPT UNPACKING pc=0x0000000115951f2b sp=0x0000700002087be8 mode 0

Classes unloaded (0 events):
No events

Classes redefined (4 events):
Event: 64.902 Thread 0x00007fcc73d113f0 redefined class name=Package2.palindrome, count=1
Event: 103.912 Thread 0x00007fcc73d113f0 redefined class name=Package2.palindrome, count=2
Event: 222.084 Thread 0x00007fcc73d113f0 redefined class name=Package2.palindrome, count=3
Event: 261.791 Thread 0x00007fcc73d113f0 redefined class name=Package2.palindrome, count=4

Internal exceptions (4 events):
Event: 0.068 Thread 0x00007fcc75808800 Exception <a 'java/lang/NoSuchMethodError'{0x000000070fe6d818}: 'void java.lang.invoke.DirectMethodHandle$Holder.invokeVirtual(java.lang.Object, java.lang.Object)'> (0x000000070fe6d818) 
thrown [./open/src/hotspot/share/interpreter/linkResolver.cpp, line 782]
Event: 0.221 Thread 0x00007fcc75808800 Exception <a 'java/lang/NoSuchMethodError'{0x000000070fc04e28}: 'void java.lang.invoke.DirectMethodHandle$Holder.invokeStatic(java.lang.Object, java.lang.Object)'> (0x000000070fc04e28) 
thrown [./open/src/hotspot/share/interpreter/linkResolver.cpp, line 782]
Event: 0.222 Thread 0x00007fcc75808800 Exception <a 'java/lang/NoSuchMethodError'{0x000000070fc086a0}: 'void java.lang.invoke.DirectMethodHandle$Holder.invokeStaticInit(java.lang.Object, java.lang.Object)'> (0x000000070fc086a0) 
thrown [./open/src/hotspot/share/interpreter/linkResolver.cpp, line 782]
Event: 0.287 Thread 0x00007fcc75808800 Exception <a 'java/lang/NoSuchMethodError'{0x000000070fd9bc90}: 'java.lang.Object java.lang.invoke.DirectMethodHandle$Holder.invokeStatic(java.lang.Object)'> (0x000000070fd9bc90) 
thrown [./open/src/hotspot/share/interpreter/linkResolver.cpp, line 782]

Events (20 events):
Event: 261.791 Executing VM operation: RedefineClasses
Event: 261.793 Executing VM operation: RedefineClasses done
Event: 261.799 Executing VM operation: ChangeBreakpoints
Event: 261.799 Executing VM operation: ChangeBreakpoints done
Event: 261.800 Executing VM operation: GetFrameCount
Event: 261.800 Executing VM operation: GetFrameCount done
Event: 261.800 Executing VM operation: GetStackTrace
Event: 261.800 Executing VM operation: GetStackTrace done
Event: 261.800 Executing VM operation: GetFrameCount
Event: 261.800 Executing VM operation: GetFrameCount done
Event: 261.800 Executing VM operation: SetFramePop
Event: 261.800 Executing VM operation: SetFramePop done
Event: 261.800 Executing VM operation: GetFrameLocation
Event: 261.800 Executing VM operation: GetFrameLocation done
Event: 261.800 Executing VM operation: GetCurrentLocation
Event: 261.800 Executing VM operation: GetCurrentLocation done
Event: 261.801 Executing VM operation: ChangeSingleStep
Event: 261.801 Executing VM operation: ChangeSingleStep done
Event: 261.801 Executing VM operation: GetFrameLocation
Event: 261.801 Executing VM operation: GetFrameLocation done


Dynamic libraries:
0x00007fff2a698000 	/usr/lib/libz.1.dylib
0x0000000107cd8000 	/Library/Java/JavaVirtualMachines/jdk-15.0.2.jdk/Contents/Home/lib/libjli.dylib
0x00007fff35068000 	/System/Library/Frameworks/Cocoa.framework/Versions/A/Cocoa
0x00007fff22434000 	/System/Library/Frameworks/Security.framework/Versions/A/Security
0x00007fff3328b000 	/System/Library/Frameworks/ApplicationServices.framework/Versions/A/ApplicationServices
0x00007fff2a760000 	/usr/lib/libSystem.B.dylib
0x00007fff2a75a000 	/usr/lib/system/libcache.dylib
0x00007fff2a716000 	/usr/lib/system/libcommonCrypto.dylib
0x00007fff2a740000 	/usr/lib/system/libcompiler_rt.dylib
0x00007fff2a735000 	/usr/lib/system/libcopyfile.dylib
0x00007fff20335000 	/usr/lib/system/libcorecrypto.dylib
0x00007fff20400000 	/usr/lib/system/libdispatch.dylib
0x00007fff205b3000 	/usr/lib/system/libdyld.dylib
0x00007fff2a751000 	/usr/lib/system/libkeymgr.dylib
0x00007fff2db56000 	/usr/lib/system/liblaunch.dylib
0x00007fff2a6f4000 	/usr/lib/system/libmacho.dylib
0x00007fff29eec000 	/usr/lib/system/libquarantine.dylib
0x00007fff2a74e000 	/usr/lib/system/libremovefile.dylib
0x00007fff24e02000 	/usr/lib/system/libsystem_asl.dylib
0x00007fff202e5000 	/usr/lib/system/libsystem_blocks.dylib
0x00007fff20482000 	/usr/lib/system/libsystem_c.dylib
0x00007fff2a748000 	/usr/lib/system/libsystem_collections.dylib
0x00007fff291f2000 	/usr/lib/system/libsystem_configuration.dylib
0x00007fff284df000 	/usr/lib/system/libsystem_containermanager.dylib
0x00007fff2a497000 	/usr/lib/system/libsystem_coreservices.dylib
0x00007fff229e9000 	/usr/lib/system/libsystem_darwin.dylib
0x00007fff2a752000 	/usr/lib/system/libsystem_dnssd.dylib
0x00007fff2047f000 	/usr/lib/system/libsystem_featureflags.dylib
0x00007fff205f9000 	/usr/lib/system/libsystem_info.dylib
0x00007fff2a6ab000 	/usr/lib/system/libsystem_m.dylib
0x00007fff203d3000 	/usr/lib/system/libsystem_malloc.dylib
0x00007fff24d95000 	/usr/lib/system/libsystem_networkextension.dylib
0x00007fff22e08000 	/usr/lib/system/libsystem_notify.dylib
0x00007fff2ffda000 	/usr/lib/system/libsystem_product_info_filter.dylib
0x00007fff291f6000 	/usr/lib/system/libsystem_sandbox.dylib
0x00007fff2a74b000 	/usr/lib/system/libsystem_secinit.dylib
0x00007fff20577000 	/usr/lib/system/libsystem_kernel.dylib
0x00007fff205ef000 	/usr/lib/system/libsystem_platform.dylib
0x00007fff205a7000 	/usr/lib/system/libsystem_pthread.dylib
0x00007fff264dc000 	/usr/lib/system/libsystem_symptoms.dylib
0x00007fff2031d000 	/usr/lib/system/libsystem_trace.dylib
0x00007fff2a722000 	/usr/lib/system/libunwind.dylib
0x00007fff202e7000 	/usr/lib/system/libxpc.dylib
0x00007fff20561000 	/usr/lib/libc++abi.dylib
0x00007fff20445000 	/usr/lib/libobjc.A.dylib
0x00007fff2a72d000 	/usr/lib/liboah.dylib
0x00007fff2050b000 	/usr/lib/libc++.1.dylib
0x00007fff20625000 	/System/Library/Frameworks/CoreFoundation.framework/Versions/A/CoreFoundation
0x00007fff213cf000 	/System/Library/Frameworks/Foundation.framework/Versions/C/Foundation
0x00007fff22e62000 	/System/Library/Frameworks/AppKit.framework/Versions/C/AppKit
0x00007fff25d18000 	/System/Library/Frameworks/CoreData.framework/Versions/A/CoreData
0x00007fff23baa000 	/System/Library/PrivateFrameworks/UIFoundation.framework/Versions/A/UIFoundation
0x00007fff2fd6d000 	/System/Library/PrivateFrameworks/RemoteViewServices.framework/Versions/A/RemoteViewServices
0x00007fff28ba5000 	/System/Library/PrivateFrameworks/XCTTargetBootstrap.framework/Versions/A/XCTTargetBootstrap
0x00007fff2b880000 	/usr/lib/libspindump.dylib
0x00007fff23df9000 	/System/Library/Frameworks/UniformTypeIdentifiers.framework/Versions/A/UniformTypeIdentifiers
0x00007fff273a9000 	/usr/lib/libapp_launch_measurement.dylib
0x00007fff273ac000 	/System/Library/PrivateFrameworks/CoreAutoLayout.framework/Versions/A/CoreAutoLayout
0x00007fff2850c000 	/System/Library/Frameworks/Metal.framework/Versions/A/Metal
0x00007fff29201000 	/usr/lib/liblangid.dylib
0x00007fff28ba9000 	/System/Library/PrivateFrameworks/CoreSVG.framework/Versions/A/CoreSVG
0x00007fff24e31000 	/System/Library/PrivateFrameworks/SkyLight.framework/Versions/A/SkyLight
0x00007fff25195000 	/System/Library/Frameworks/CoreGraphics.framework/Versions/A/CoreGraphics
0x00007fff3028f000 	/System/Library/Frameworks/Accelerate.framework/Versions/A/Accelerate
0x00007fff2b2bf000 	/System/Library/PrivateFrameworks/IconServices.framework/Versions/A/IconServices
0x00007fff284f0000 	/System/Library/Frameworks/IOSurface.framework/Versions/A/IOSurface
0x00007fff26699000 	/usr/lib/libDiagnosticMessagesClient.dylib
0x00007fff28b91000 	/System/Library/PrivateFrameworks/DFRFoundation.framework/Versions/A/DFRFoundation
0x00007fff22789000 	/usr/lib/libicucore.A.dylib
0x00007fff2cdbf000 	/System/Library/Frameworks/AudioToolbox.framework/Versions/A/AudioToolbox
0x00007fff2c051000 	/System/Library/PrivateFrameworks/DataDetectorsCore.framework/Versions/A/DataDetectorsCore
0x00007fff24da5000 	/usr/lib/libMobileGestalt.dylib
0x00007fff28895000 	/System/Library/Frameworks/Carbon.framework/Versions/A/Frameworks/HIToolbox.framework/Versions/A/HIToolbox
0x00007fff26df3000 	/System/Library/Frameworks/QuartzCore.framework/Versions/A/QuartzCore
0x00007fff2fda5000 	/System/Library/Frameworks/Carbon.framework/Versions/A/Frameworks/SpeechRecognition.framework/Versions/A/SpeechRecognition
0x00007fff27112000 	/System/Library/PrivateFrameworks/CoreUI.framework/Versions/A/CoreUI
0x00007fff21da3000 	/System/Library/Frameworks/CoreAudio.framework/Versions/A/CoreAudio
0x00007fff26784000 	/System/Library/Frameworks/DiskArbitration.framework/Versions/A/DiskArbitration
0x00007fff2bc4e000 	/System/Library/PrivateFrameworks/MultitouchSupport.framework/Versions/A/MultitouchSupport
0x00007fff2c048000 	/System/Library/PrivateFrameworks/InternationalSupport.framework/Versions/A/InternationalSupport
0x00007fff24da4000 	/usr/lib/libenergytrace.dylib
0x00007fff22d59000 	/System/Library/Frameworks/IOKit.framework/Versions/A/IOKit
0x00007fff300d8000 	/System/Library/Frameworks/CoreServices.framework/Versions/A/CoreServices
0x00007fff2733f000 	/System/Library/PrivateFrameworks/PerformanceAnalysis.framework/Versions/A/PerformanceAnalysis
0x00007fff6bb14000 	/System/Library/Frameworks/OpenGL.framework/Versions/A/OpenGL
0x00007fff2c0cc000 	/System/Library/PrivateFrameworks/UserActivity.framework/Versions/A/UserActivity
0x00007fff2581f000 	/System/Library/Frameworks/ColorSync.framework/Versions/A/ColorSync
0x00007fff28e0f000 	/System/Library/Frameworks/CoreImage.framework/Versions/A/CoreImage
0x00007fff21bbe000 	/System/Library/Frameworks/CoreText.framework/Versions/A/CoreText
0x00007fff28bd3000 	/System/Library/Frameworks/ImageIO.framework/Versions/A/ImageIO
0x00007fff2a766000 	/System/Library/PrivateFrameworks/SoftLinking.framework/Versions/A/SoftLinking
0x00007fff273f4000 	/usr/lib/libxml2.2.dylib
0x00007fff2a9d7000 	/usr/lib/libcompression.dylib
0x00007fff2bf7a000 	/System/Library/PrivateFrameworks/TextureIO.framework/Versions/A/TextureIO
0x00007fff2affe000 	/usr/lib/libate.dylib
0x00007fff2ade4000 	/usr/lib/liblzma.5.dylib
0x00007fff210e3000 	/System/Library/Frameworks/SystemConfiguration.framework/Versions/A/SystemConfiguration
0x00007fff2a762000 	/usr/lib/libfakelink.dylib
0x00007fff248f6000 	/System/Library/Frameworks/CFNetwork.framework/Versions/A/CFNetwork
0x00007fff2a8a2000 	/usr/lib/libarchive.2.dylib
0x00007fff21161000 	/usr/lib/libCRFSuite.dylib
0x00007fff29f13000 	/usr/lib/libbsm.0.dylib
0x00007fff24276000 	/usr/lib/libnetwork.dylib
0x00007fff2a767000 	/usr/lib/libpcap.A.dylib
0x00007fff264d5000 	/usr/lib/libdns_services.dylib
0x00007fff2adfd000 	/usr/lib/libcoretls_cfhelpers.dylib
0x00007fff2a9a1000 	/usr/lib/libapple_nghttp2.dylib
0x00007fff2a6fa000 	/usr/lib/system/libkxld.dylib
0x00007fff2614e000 	/usr/lib/libsqlite3.dylib
0x00007fff2a47a000 	/System/Library/PrivateFrameworks/AppleFSCompression.framework/Versions/A/AppleFSCompression
0x00007fff29efb000 	/usr/lib/libcoretls.dylib
0x00007fff2a9d2000 	/usr/lib/libpam.2.dylib
0x00007fff2aefa000 	/usr/lib/libxar.1.dylib
0x00007fff291fd000 	/System/Library/PrivateFrameworks/AppleSystemInfo.framework/Versions/A/AppleSystemInfo
0x00007fff29b3d000 	/System/Library/PrivateFrameworks/IOMobileFramebuffer.framework/Versions/A/IOMobileFramebuffer
0x00007fff2a48a000 	/usr/lib/libbz2.1.0.dylib
0x00007fff2a79f000 	/usr/lib/libiconv.2.dylib
0x00007fff2a6f3000 	/usr/lib/libcharset.1.dylib
0x00007fff2737b000 	/System/Library/Frameworks/CoreServices.framework/Versions/A/Frameworks/FSEvents.framework/Versions/A/FSEvents
0x00007fff229f3000 	/System/Library/Frameworks/CoreServices.framework/Versions/A/Frameworks/CarbonCore.framework/Versions/A/CarbonCore
0x00007fff266e9000 	/System/Library/Frameworks/CoreServices.framework/Versions/A/Frameworks/Metadata.framework/Versions/A/Metadata
0x00007fff2a49c000 	/System/Library/Frameworks/CoreServices.framework/Versions/A/Frameworks/OSServices.framework/Versions/A/OSServices
0x00007fff2a914000 	/System/Library/Frameworks/CoreServices.framework/Versions/A/Frameworks/SearchKit.framework/Versions/A/SearchKit
0x00007fff26460000 	/System/Library/Frameworks/CoreServices.framework/Versions/A/Frameworks/AE.framework/Versions/A/AE
0x00007fff20ac3000 	/System/Library/Frameworks/CoreServices.framework/Versions/A/Frameworks/LaunchServices.framework/Versions/A/LaunchServices
0x00007fff2ad94000 	/System/Library/Frameworks/CoreServices.framework/Versions/A/Frameworks/DictionaryServices.framework/Versions/A/DictionaryServices
0x00007fff27384000 	/System/Library/Frameworks/CoreServices.framework/Versions/A/Frameworks/SharedFileList.framework/Versions/A/SharedFileList
0x00007fff29eef000 	/usr/lib/libCheckFix.dylib
0x00007fff24e19000 	/System/Library/PrivateFrameworks/TCC.framework/Versions/A/TCC
0x00007fff29203000 	/System/Library/PrivateFrameworks/CoreNLP.framework/Versions/A/CoreNLP
0x00007fff2669c000 	/System/Library/PrivateFrameworks/MetadataUtilities.framework/Versions/A/MetadataUtilities
0x00007fff21196000 	/usr/lib/libmecabra.dylib
0x00007fff2a1f9000 	/System/Library/Frameworks/MLCompute.framework/Versions/A/MLCompute
0x00007fff29f24000 	/usr/lib/libmecab.dylib
0x00007fff29f6e000 	/usr/lib/libgermantok.dylib
0x00007fff2a97c000 	/usr/lib/libThaiTokenizer.dylib
0x00007fff2af35000 	/usr/lib/libChineseTokenizer.dylib
0x00007fff2a9d0000 	/System/Library/Frameworks/MetalPerformanceShaders.framework/Versions/A/MetalPerformanceShaders
0x00007fff2678b000 	/System/Library/Frameworks/Accelerate.framework/Versions/A/Frameworks/vImage.framework/Versions/A/vImage
0x00007fff300b2000 	/System/Library/Frameworks/Accelerate.framework/Versions/A/Frameworks/vecLib.framework/Versions/A/vecLib
0x00007fff2af40000 	/System/Library/Frameworks/Accelerate.framework/Versions/A/Frameworks/vecLib.framework/Versions/A/libvMisc.dylib
0x00007fff29958000 	/System/Library/Frameworks/Accelerate.framework/Versions/A/Frameworks/vecLib.framework/Versions/A/libvDSP.dylib
0x00007fff20dca000 	/System/Library/Frameworks/Accelerate.framework/Versions/A/Frameworks/vecLib.framework/Versions/A/libBLAS.dylib
0x00007fff2a9f6000 	/System/Library/Frameworks/Accelerate.framework/Versions/A/Frameworks/vecLib.framework/Versions/A/libLAPACK.dylib
0x00007fff29f74000 	/System/Library/Frameworks/Accelerate.framework/Versions/A/Frameworks/vecLib.framework/Versions/A/libLinearAlgebra.dylib
0x00007fff2a9b9000 	/System/Library/Frameworks/Accelerate.framework/Versions/A/Frameworks/vecLib.framework/Versions/A/libSparseBLAS.dylib
0x00007fff2a9f0000 	/System/Library/Frameworks/Accelerate.framework/Versions/A/Frameworks/vecLib.framework/Versions/A/libQuadrature.dylib
0x00007fff292af000 	/System/Library/Frameworks/Accelerate.framework/Versions/A/Frameworks/vecLib.framework/Versions/A/libBNNS.dylib
0x00007fff21074000 	/System/Library/Frameworks/Accelerate.framework/Versions/A/Frameworks/vecLib.framework/Versions/A/libSparse.dylib
0x00007fff2918b000 	/System/Library/Frameworks/MetalPerformanceShaders.framework/Versions/A/Frameworks/MPSCore.framework/Versions/A/MPSCore
0x00007fff2a3e9000 	/System/Library/Frameworks/MetalPerformanceShaders.framework/Versions/A/Frameworks/MPSImage.framework/Versions/A/MPSImage
0x00007fff29f8a000 	/System/Library/Frameworks/MetalPerformanceShaders.framework/Versions/A/Frameworks/MPSNeuralNetwork.framework/Versions/A/MPSNeuralNetwork
0x00007fff2a35b000 	/System/Library/Frameworks/MetalPerformanceShaders.framework/Versions/A/Frameworks/MPSMatrix.framework/Versions/A/MPSMatrix
0x00007fff2a1a9000 	/System/Library/Frameworks/MetalPerformanceShaders.framework/Versions/A/Frameworks/MPSRayIntersector.framework/Versions/A/MPSRayIntersector
0x00007fff2a392000 	/System/Library/Frameworks/MetalPerformanceShaders.framework/Versions/A/Frameworks/MPSNDArray.framework/Versions/A/MPSNDArray
0x00007fff20cf6000 	/System/Library/PrivateFrameworks/MetalTools.framework/Versions/A/MetalTools
0x00007fff291fb000 	/System/Library/PrivateFrameworks/AggregateDictionary.framework/Versions/A/AggregateDictionary
0x00007fff26669000 	/System/Library/PrivateFrameworks/CoreAnalytics.framework/Versions/A/CoreAnalytics
0x00007fff2a97e000 	/System/Library/PrivateFrameworks/AppleSauce.framework/Versions/A/AppleSauce
0x00007fff28502000 	/System/Library/PrivateFrameworks/IOAccelerator.framework/Versions/A/IOAccelerator
0x00007fff6bb08000 	/System/Library/Frameworks/OpenGL.framework/Versions/A/Libraries/libCoreFSCache.dylib
0x00007fff2172d000 	/System/Library/PrivateFrameworks/LanguageModeling.framework/Versions/A/LanguageModeling
0x00007fff29b2b000 	/System/Library/PrivateFrameworks/CoreEmoji.framework/Versions/A/CoreEmoji
0x00007fff292a8000 	/System/Library/PrivateFrameworks/LinguisticData.framework/Versions/A/LinguisticData
0x00007fff21027000 	/System/Library/PrivateFrameworks/Lexicon.framework/Versions/A/Lexicon
0x00007fff2a890000 	/usr/lib/libcmph.dylib
0x00007fff2735b000 	/System/Library/Frameworks/OpenDirectory.framework/Versions/A/Frameworks/CFOpenDirectory.framework/Versions/A/CFOpenDirectory
0x00007fff2734b000 	/System/Library/Frameworks/OpenDirectory.framework/Versions/A/OpenDirectory
0x00007fff2adff000 	/System/Library/PrivateFrameworks/APFS.framework/Versions/A/APFS
0x00007fff29e51000 	/System/Library/Frameworks/SecurityFoundation.framework/Versions/A/SecurityFoundation
0x00007fff2af08000 	/usr/lib/libutil.dylib
0x00007fff22d1e000 	/System/Library/PrivateFrameworks/CoreServicesStore.framework/Versions/A/CoreServicesStore
0x00007fff29ee7000 	/System/Library/Frameworks/ServiceManagement.framework/Versions/A/ServiceManagement
0x00007fff2af0c000 	/usr/lib/libxslt.1.dylib
0x00007fff29edd000 	/System/Library/PrivateFrameworks/BackgroundTaskManagement.framework/Versions/A/BackgroundTaskManagement
0x00007fff2bec4000 	/System/Library/Frameworks/ImageIO.framework/Versions/A/Resources/libRadiance.dylib
0x00007fff2bece000 	/System/Library/Frameworks/ImageIO.framework/Versions/A/Resources/libJPEG.dylib
0x00007fff2be18000 	/System/Library/Frameworks/ImageIO.framework/Versions/A/Resources/libPng.dylib
0x00007fff2be3f000 	/System/Library/Frameworks/ImageIO.framework/Versions/A/Resources/libTIFF.dylib
0x00007fff2bf23000 	/System/Library/Frameworks/ImageIO.framework/Versions/A/Resources/libGIF.dylib
0x00007fff2bb6a000 	/System/Library/Frameworks/ImageIO.framework/Versions/A/Resources/libJP2.dylib
0x00007fff2b287000 	/usr/lib/libexpat.1.dylib
0x00007fff2bb20000 	/System/Library/PrivateFrameworks/AppleJPEG.framework/Versions/A/AppleJPEG
0x00007fff28738000 	/System/Library/PrivateFrameworks/FontServices.framework/libFontParser.dylib
0x00007fff26417000 	/System/Library/PrivateFrameworks/RunningBoardServices.framework/Versions/A/RunningBoardServices
0x00007fff2bc4a000 	/System/Library/PrivateFrameworks/WatchdogClient.framework/Versions/A/WatchdogClient
0x00007fff21816000 	/System/Library/Frameworks/CoreDisplay.framework/Versions/A/CoreDisplay
0x00007fff2864d000 	/System/Library/Frameworks/CoreMedia.framework/Versions/A/CoreMedia
0x00007fff274d7000 	/System/Library/Frameworks/CoreVideo.framework/Versions/A/CoreVideo
0x00007fff2bc85000 	/System/Library/Frameworks/VideoToolbox.framework/Versions/A/VideoToolbox
0x00007fff26397000 	/System/Library/PrivateFrameworks/BaseBoard.framework/Versions/A/BaseBoard
0x00007fff2b3ca000 	/System/Library/PrivateFrameworks/PersistentConnection.framework/Versions/A/PersistentConnection
0x00007fff26138000 	/System/Library/PrivateFrameworks/ProtocolBuffer.framework/Versions/A/ProtocolBuffer
0x00007fff2637f000 	/System/Library/PrivateFrameworks/CommonUtilities.framework/Versions/A/CommonUtilities
0x00007fff2bae3000 	/System/Library/PrivateFrameworks/Bom.framework/Versions/A/Bom
0x00007fff2bebc000 	/System/Library/PrivateFrameworks/GPUWrangler.framework/Versions/A/GPUWrangler
0x00007fff2be9f000 	/System/Library/PrivateFrameworks/IOPresentment.framework/Versions/A/IOPresentment
0x00007fff2bec8000 	/System/Library/PrivateFrameworks/DSExternalDisplay.framework/Versions/A/DSExternalDisplay
0x00007fff2bf28000 	/System/Library/PrivateFrameworks/CMCaptureCore.framework/Versions/A/CMCaptureCore
0x00007fff2b866000 	/System/Library/PrivateFrameworks/AppServerSupport.framework/Versions/A/AppServerSupport
0x00007fff2d8f9000 	/System/Library/PrivateFrameworks/perfdata.framework/Versions/A/perfdata
0x00007fff29e40000 	/System/Library/PrivateFrameworks/AssertionServices.framework/Versions/A/AssertionServices
0x00007fff2194d000 	/System/Library/PrivateFrameworks/AudioToolboxCore.framework/Versions/A/AudioToolboxCore
0x00007fff28630000 	/System/Library/PrivateFrameworks/caulk.framework/Versions/A/caulk
0x00007fff3ccee000 	/System/Library/PrivateFrameworks/SystemPolicy.framework/Versions/A/SystemPolicy
0x00007fff2b096000 	/usr/lib/libIOReport.dylib
0x00007fff2d135000 	/usr/lib/libSMC.dylib
0x00007fff2bde4000 	/usr/lib/libAudioToolboxUtility.dylib
0x00007fff3d649000 	/usr/lib/libmis.dylib
0x00007fff6bb64000 	/System/Library/Frameworks/OpenGL.framework/Versions/A/Libraries/libGLU.dylib
0x00007fff6bb27000 	/System/Library/Frameworks/OpenGL.framework/Versions/A/Libraries/libGFXShared.dylib
0x00007fff6bd35000 	/System/Library/Frameworks/OpenGL.framework/Versions/A/Libraries/libGL.dylib
0x00007fff6bb30000 	/System/Library/Frameworks/OpenGL.framework/Versions/A/Libraries/libGLImage.dylib
0x00007fff6bb24000 	/System/Library/Frameworks/OpenGL.framework/Versions/A/Libraries/libCVMSPluginSupport.dylib
0x00007fff6bb0f000 	/System/Library/Frameworks/OpenGL.framework/Versions/A/Libraries/libCoreVMClient.dylib
0x00007fff6d17f000 	/System/Library/Frameworks/OpenCL.framework/Versions/A/OpenCL
0x00007fff2b3f3000 	/System/Library/PrivateFrameworks/GraphVisualizer.framework/Versions/A/GraphVisualizer
0x00007fff2b402000 	/System/Library/PrivateFrameworks/FaceCore.framework/Versions/A/FaceCore
0x00007fff2b81e000 	/System/Library/PrivateFrameworks/OTSVG.framework/Versions/A/OTSVG
0x00007fff270d0000 	/System/Library/Frameworks/ApplicationServices.framework/Versions/A/Frameworks/ATS.framework/Versions/A/Resources/libFontRegistry.dylib
0x00007fff2b86d000 	/System/Library/PrivateFrameworks/FontServices.framework/libhvf.dylib
0x00007fff2b233000 	/System/Library/PrivateFrameworks/AppleVA.framework/Versions/A/AppleVA
0x00007fff2cf7d000 	/System/Library/Frameworks/ApplicationServices.framework/Versions/A/Frameworks/ATS.framework/Versions/A/ATS
0x00007fff2d290000 	/System/Library/Frameworks/ApplicationServices.framework/Versions/A/Frameworks/ColorSyncLegacy.framework/Versions/A/ColorSyncLegacy
0x00007fff25916000 	/System/Library/Frameworks/ApplicationServices.framework/Versions/A/Frameworks/HIServices.framework/Versions/A/HIServices
0x00007fff2d275000 	/System/Library/Frameworks/ApplicationServices.framework/Versions/A/Frameworks/LangAnalysis.framework/Versions/A/LangAnalysis
0x00007fff2bf32000 	/System/Library/Frameworks/ApplicationServices.framework/Versions/A/Frameworks/PrintCore.framework/Versions/A/PrintCore
0x00007fff2d298000 	/System/Library/Frameworks/ApplicationServices.framework/Versions/A/Frameworks/QD.framework/Versions/A/QD
0x00007fff2cf6d000 	/System/Library/Frameworks/ApplicationServices.framework/Versions/A/Frameworks/SpeechSynthesis.framework/Versions/A/SpeechSynthesis
0x00007fff2bef3000 	/System/Library/Frameworks/ApplicationServices.framework/Versions/A/Frameworks/ATSUI.framework/Versions/A/ATSUI
0x00007fff2d215000 	/usr/lib/libcups.2.dylib
0x00007fff2d285000 	/System/Library/PrivateFrameworks/NetAuth.framework/Versions/A/NetAuth
0x00007fff2d914000 	/System/Library/Frameworks/Kerberos.framework/Versions/A/Kerberos
0x00007fff2d924000 	/System/Library/Frameworks/GSS.framework/Versions/A/GSS
0x00007fff2cfea000 	/usr/lib/libresolv.9.dylib
0x00007fff2b883000 	/System/Library/PrivateFrameworks/Heimdal.framework/Versions/A/Heimdal
0x00007fff335a0000 	/System/Library/Frameworks/Kerberos.framework/Versions/A/Libraries/libHeimdalProxy.dylib
0x00007fff264e4000 	/System/Library/Frameworks/Network.framework/Versions/A/Network
0x00007fff2b2a0000 	/usr/lib/libheimdal-asn1.dylib
0x00007fff2d975000 	/System/Library/PrivateFrameworks/CommonAuth.framework/Versions/A/CommonAuth
0x00007fff27525000 	/System/Library/PrivateFrameworks/login.framework/Versions/A/Frameworks/loginsupport.framework/Versions/A/loginsupport
0x00007fff2cef4000 	/System/Library/PrivateFrameworks/AudioSession.framework/Versions/A/AudioSession
0x00007fff2cf5a000 	/usr/lib/libAudioStatistics.dylib
0x00007fff2b32c000 	/System/Library/PrivateFrameworks/MediaExperience.framework/Versions/A/MediaExperience
0x00007fff2cd8d000 	/System/Library/PrivateFrameworks/AudioSession.framework/libSessionUtility.dylib
0x00007fff2d905000 	/usr/lib/libperfcheck.dylib
0x00007fff2d2a4000 	/System/Library/PrivateFrameworks/AudioResourceArbitration.framework/Versions/A/AudioResourceArbitration
0x00007fff2b2aa000 	/System/Library/PrivateFrameworks/IconFoundation.framework/Versions/A/IconFoundation
0x00007fff2fd95000 	/System/Library/PrivateFrameworks/SpeechRecognitionCore.framework/Versions/A/SpeechRecognitionCore
0x0000000107d02000 	/Library/Java/JavaVirtualMachines/jdk-15.0.2.jdk/Contents/Home/lib/server/libjvm.dylib
0x0000000108cbf000 	/Library/Java/JavaVirtualMachines/jdk-15.0.2.jdk/Contents/Home/lib/libjimage.dylib
0x0000000108ccd000 	/Library/Java/JavaVirtualMachines/jdk-15.0.2.jdk/Contents/Home/lib/libjdwp.dylib
0x0000000108d11000 	/Library/Java/JavaVirtualMachines/jdk-15.0.2.jdk/Contents/Home/lib/libjava.dylib
0x0000000108d3c000 	/Library/Java/JavaVirtualMachines/jdk-15.0.2.jdk/Contents/Home/lib/libinstrument.dylib
0x000000010900c000 	/Library/Java/JavaVirtualMachines/jdk-15.0.2.jdk/Contents/Home/lib/libnio.dylib
0x0000000109020000 	/Library/Java/JavaVirtualMachines/jdk-15.0.2.jdk/Contents/Home/lib/libnet.dylib
0x0000000109039000 	/Library/Java/JavaVirtualMachines/jdk-15.0.2.jdk/Contents/Home/lib/libdt_socket.dylib
0x0000000109045000 	/Library/Java/JavaVirtualMachines/jdk-15.0.2.jdk/Contents/Home/lib/libzip.dylib
0x0000000109053000 	/Library/Java/JavaVirtualMachines/jdk-15.0.2.jdk/Contents/Home/lib/libverify.dylib


VM Arguments:
jvm_args: -XX:+ShowCodeDetailsInExceptionMessages -agentlib:jdwp=transport=dt_socket,suspend=y,address=localhost:61572 -javaagent:/Users/labbuser/Applications/Eclipse.app/Contents/Eclipse/configuration/org.eclipse.osgi/213/0/.cp/lib/javaagent-shaded.jar -Dfile.encoding=UTF-8 --module-path=/Users/labbuser/git/repository/Java_program/bin -Djdk.module.main=Java_program 
java_command: Java_program/Package2.palindrome
java_class_path (initial): <not set>
Launcher Type: SUN_STANDARD

[Global flags]
     intx CICompilerCount                          = 4                                         {product} {ergonomic}
     uint ConcGCThreads                            = 2                                         {product} {ergonomic}
     uint G1ConcRefinementThreads                  = 8                                         {product} {ergonomic}
   size_t G1HeapRegionSize                         = 2097152                                   {product} {ergonomic}
    uintx GCDrainStackTargetSize                   = 64                                        {product} {ergonomic}
   size_t InitialHeapSize                          = 268435456                                 {product} {ergonomic}
   size_t MarkStackSize                            = 4194304                                   {product} {ergonomic}
   size_t MaxHeapSize                              = 4294967296                                {product} {ergonomic}
   size_t MaxNewSize                               = 2575302656                                {product} {ergonomic}
   size_t MinHeapDeltaBytes                        = 2097152                                   {product} {ergonomic}
   size_t MinHeapSize                              = 8388608                                   {product} {ergonomic}
    uintx NonNMethodCodeHeapSize                   = 5839372                                {pd product} {ergonomic}
    uintx NonProfiledCodeHeapSize                  = 122909434                              {pd product} {ergonomic}
    uintx ProfiledCodeHeapSize                     = 122909434                              {pd product} {ergonomic}
    uintx ReservedCodeCacheSize                    = 251658240                              {pd product} {ergonomic}
     bool SegmentedCodeCache                       = true                                      {product} {ergonomic}
     bool ShowCodeDetailsInExceptionMessages       = true                                   {manageable} {command line}
   size_t SoftMaxHeapSize                          = 4294967296                             {manageable} {ergonomic}
     bool UseCompressedClassPointers               = true                                 {lp64_product} {ergonomic}
     bool UseCompressedOops                        = true                                 {lp64_product} {ergonomic}
     bool UseG1GC                                  = true                                      {product} {ergonomic}
     bool UseNUMA                                  = false                                     {product} {ergonomic}
     bool UseNUMAInterleaving                      = false                                     {product} {ergonomic}

Logging:
Log output configuration:
 #0: stdout all=warning uptime,level,tags
 #1: stderr all=off uptime,level,tags

Environment Variables:
PATH=/usr/bin:/bin:/usr/sbin:/sbin
SHELL=/bin/zsh

Signal Handlers:
SIGSEGV: [libjvm.dylib+0x9ff2f0], sa_mask[0]=11111111011111110111111111111111, sa_flags=SA_ONSTACK|SA_RESTART|SA_SIGINFO
SIGBUS: [libjvm.dylib+0x9ff2f0], sa_mask[0]=11111111011111110111111111111111, sa_flags=SA_RESTART|SA_SIGINFO
SIGFPE: [libjvm.dylib+0x9ff2f0], sa_mask[0]=11111111011111110111111111111111, sa_flags=SA_RESTART|SA_SIGINFO
SIGPIPE: [libjvm.dylib+0x82ae30], sa_mask[0]=11111111011111110111111111111111, sa_flags=SA_RESTART|SA_SIGINFO
SIGXFSZ: [libjvm.dylib+0x82ae30], sa_mask[0]=11111111011111110111111111111111, sa_flags=SA_RESTART|SA_SIGINFO
SIGILL: [libjvm.dylib+0x9ff2f0], sa_mask[0]=11111111011111110111111111111111, sa_flags=SA_RESTART|SA_SIGINFO
SIGUSR2: [libjvm.dylib+0x82b940], sa_mask[0]=00100000000000000000000000000000, sa_flags=SA_RESTART|SA_SIGINFO
SIGHUP: [libjvm.dylib+0x82a040], sa_mask[0]=11111111011111110111111111111111, sa_flags=SA_RESTART|SA_SIGINFO
SIGINT: [libjvm.dylib+0x82a040], sa_mask[0]=11111111011111110111111111111111, sa_flags=SA_RESTART|SA_SIGINFO
SIGTERM: [libjvm.dylib+0x82a040], sa_mask[0]=11111111011111110111111111111111, sa_flags=SA_RESTART|SA_SIGINFO
SIGQUIT: [libjvm.dylib+0x82a040], sa_mask[0]=11111111011111110111111111111111, sa_flags=SA_RESTART|SA_SIGINFO


---------------  S Y S T E M  ---------------

OS:uname: Darwin 20.4.0 Darwin Kernel Version 20.4.0: Thu Apr 22 21:46:47 PDT 2021; root:xnu-7195.101.2~1/RELEASE_X86_64 x86_64
OS uptime: 1 days 1:04 hours
rlimit (soft/hard): STACK 8192k/65532k , CORE 0k/infinity , NPROC 2784/4176 , NOFILE 10240/infinity , AS infinity/infinity , CPU infinity/infinity , DATA infinity/infinity , FSIZE infinity/infinity , MEMLOCK infinity/infinity , RSS infinity/infinity
load average: 3.52 2.80 2.82

CPU: total 8 (initial active 8) (4 cores per cpu, 2 threads per core) family 6 model 158 stepping 9 microcode 0xde, cmov, cx8, fxsr, mmx, sse, sse2, sse3, ssse3, sse4.1, sse4.2, popcnt, vzeroupper, avx, avx2, aes, clmul, erms, rtm, 3dnowpref, lzcnt, ht, tsc, tscinvbit, bmi1, bmi2, adx, fma, clflush, clflushopt

Memory: 4k page, physical 16777216k(2059824k free), swap 1048576k(891136k free)

vm_info: Java HotSpot(TM) 64-Bit Server VM (15.0.2+7-27) for bsd-amd64 JRE (15.0.2+7-27), built on Dec  7 2020 20:08:32 by "mach5one" with clang 4.2.1 Compatible Apple LLVM 10.0.0 (clang-1000.11.45.5)

END.
